[2025-03-21 15:59:31] local.ERROR: Target class [App\Http\Controllers\BookController] does not exist. {"exception":"[object] (Illuminate\\Contracts\\Container\\BindingResolutionException(code: 0): Target class [App\\Http\\Controllers\\BookController] does not exist. at C:\\wamp64\\www\\lumen-1\\vendor\\illuminate\\container\\Container.php:914)
[stacktrace]
#0 C:\\wamp64\\www\\lumen-1\\vendor\\illuminate\\container\\Container.php(795): Illuminate\\Container\\Container->build('App\\\\Http\\\\Contro...')
#1 C:\\wamp64\\www\\lumen-1\\vendor\\illuminate\\container\\Container.php(731): Illuminate\\Container\\Container->resolve('App\\\\Http\\\\Contro...', Array)
#2 C:\\wamp64\\www\\lumen-1\\vendor\\laravel\\lumen-framework\\src\\Application.php(327): Illuminate\\Container\\Container->make('App\\\\Http\\\\Contro...', Array)
#3 C:\\wamp64\\www\\lumen-1\\vendor\\laravel\\lumen-framework\\src\\Concerns\\RoutesRequests.php(326): Laravel\\Lumen\\Application->make('App\\\\Http\\\\Contro...')
#4 C:\\wamp64\\www\\lumen-1\\vendor\\laravel\\lumen-framework\\src\\Concerns\\RoutesRequests.php(284): Laravel\\Lumen\\Application->callControllerAction(Array)
#5 C:\\wamp64\\www\\lumen-1\\vendor\\laravel\\lumen-framework\\src\\Concerns\\RoutesRequests.php(269): Laravel\\Lumen\\Application->callActionOnArrayBasedRoute(Array)
#6 C:\\wamp64\\www\\lumen-1\\vendor\\laravel\\lumen-framework\\src\\Concerns\\RoutesRequests.php(171): Laravel\\Lumen\\Application->handleFoundRoute(Array)
#7 C:\\wamp64\\www\\lumen-1\\vendor\\laravel\\lumen-framework\\src\\Concerns\\RoutesRequests.php(431): Laravel\\Lumen\\Application->Laravel\\Lumen\\Concerns\\{closure}(Object(Laravel\\Lumen\\Http\\Request))
#8 C:\\wamp64\\www\\lumen-1\\vendor\\laravel\\lumen-framework\\src\\Concerns\\RoutesRequests.php(167): Laravel\\Lumen\\Application->sendThroughPipeline(Array, Object(Closure))
#9 C:\\wamp64\\www\\lumen-1\\vendor\\laravel\\lumen-framework\\src\\Concerns\\RoutesRequests.php(112): Laravel\\Lumen\\Application->dispatch(NULL)
#10 C:\\wamp64\\www\\lumen-1\\public\\index.php(28): Laravel\\Lumen\\Application->run()
#11 {main}

[previous exception] [object] (ReflectionException(code: -1): Class \"App\\Http\\Controllers\\BookController\" does not exist at C:\\wamp64\\www\\lumen-1\\vendor\\illuminate\\container\\Container.php:912)
[stacktrace]
#0 C:\\wamp64\\www\\lumen-1\\vendor\\illuminate\\container\\Container.php(912): ReflectionClass->__construct('App\\\\Http\\\\Contro...')
#1 C:\\wamp64\\www\\lumen-1\\vendor\\illuminate\\container\\Container.php(795): Illuminate\\Container\\Container->build('App\\\\Http\\\\Contro...')
#2 C:\\wamp64\\www\\lumen-1\\vendor\\illuminate\\container\\Container.php(731): Illuminate\\Container\\Container->resolve('App\\\\Http\\\\Contro...', Array)
#3 C:\\wamp64\\www\\lumen-1\\vendor\\laravel\\lumen-framework\\src\\Application.php(327): Illuminate\\Container\\Container->make('App\\\\Http\\\\Contro...', Array)
#4 C:\\wamp64\\www\\lumen-1\\vendor\\laravel\\lumen-framework\\src\\Concerns\\RoutesRequests.php(326): Laravel\\Lumen\\Application->make('App\\\\Http\\\\Contro...')
#5 C:\\wamp64\\www\\lumen-1\\vendor\\laravel\\lumen-framework\\src\\Concerns\\RoutesRequests.php(284): Laravel\\Lumen\\Application->callControllerAction(Array)
#6 C:\\wamp64\\www\\lumen-1\\vendor\\laravel\\lumen-framework\\src\\Concerns\\RoutesRequests.php(269): Laravel\\Lumen\\Application->callActionOnArrayBasedRoute(Array)
#7 C:\\wamp64\\www\\lumen-1\\vendor\\laravel\\lumen-framework\\src\\Concerns\\RoutesRequests.php(171): Laravel\\Lumen\\Application->handleFoundRoute(Array)
#8 C:\\wamp64\\www\\lumen-1\\vendor\\laravel\\lumen-framework\\src\\Concerns\\RoutesRequests.php(431): Laravel\\Lumen\\Application->Laravel\\Lumen\\Concerns\\{closure}(Object(Laravel\\Lumen\\Http\\Request))
#9 C:\\wamp64\\www\\lumen-1\\vendor\\laravel\\lumen-framework\\src\\Concerns\\RoutesRequests.php(167): Laravel\\Lumen\\Application->sendThroughPipeline(Array, Object(Closure))
#10 C:\\wamp64\\www\\lumen-1\\vendor\\laravel\\lumen-framework\\src\\Concerns\\RoutesRequests.php(112): Laravel\\Lumen\\Application->dispatch(NULL)
#11 C:\\wamp64\\www\\lumen-1\\public\\index.php(28): Laravel\\Lumen\\Application->run()
#12 {main}
"} 
[2025-03-21 17:30:22] local.ERROR: SQLSTATE[42S22]: Column not found: 1054 Unknown column 'updated_at' in 'field list' (Connection: mysql, SQL: select `id`, `title`, `book_image`, `updated_at` from `books` order by `title` asc) {"exception":"[object] (Illuminate\\Database\\QueryException(code: 42S22): SQLSTATE[42S22]: Column not found: 1054 Unknown column 'updated_at' in 'field list' (Connection: mysql, SQL: select `id`, `title`, `book_image`, `updated_at` from `books` order by `title` asc) at C:\\wamp64\\www\\lumen-1\\vendor\\illuminate\\database\\Connection.php:829)
[stacktrace]
#0 C:\\wamp64\\www\\lumen-1\\vendor\\illuminate\\database\\Connection.php(783): Illuminate\\Database\\Connection->runQueryCallback('select `id`, `t...', Array, Object(Closure))
#1 C:\\wamp64\\www\\lumen-1\\vendor\\illuminate\\database\\Connection.php(414): Illuminate\\Database\\Connection->run('select `id`, `t...', Array, Object(Closure))
#2 C:\\wamp64\\www\\lumen-1\\vendor\\illuminate\\database\\Query\\Builder.php(2913): Illuminate\\Database\\Connection->select('select `id`, `t...', Array, true)
#3 C:\\wamp64\\www\\lumen-1\\vendor\\illuminate\\database\\Query\\Builder.php(2902): Illuminate\\Database\\Query\\Builder->runSelect()
#4 C:\\wamp64\\www\\lumen-1\\vendor\\illuminate\\database\\Query\\Builder.php(3456): Illuminate\\Database\\Query\\Builder->Illuminate\\Database\\Query\\{closure}()
#5 C:\\wamp64\\www\\lumen-1\\vendor\\illuminate\\database\\Query\\Builder.php(2901): Illuminate\\Database\\Query\\Builder->onceWithColumns(Array, Object(Closure))
#6 C:\\wamp64\\www\\lumen-1\\vendor\\illuminate\\database\\Eloquent\\Builder.php(739): Illuminate\\Database\\Query\\Builder->get(Array)
#7 C:\\wamp64\\www\\lumen-1\\vendor\\illuminate\\database\\Eloquent\\Builder.php(723): Illuminate\\Database\\Eloquent\\Builder->getModels(Array)
#8 C:\\wamp64\\www\\lumen-1\\app\\Http\\Controllers\\BookController.php(22): Illuminate\\Database\\Eloquent\\Builder->get()
#9 C:\\wamp64\\www\\lumen-1\\vendor\\illuminate\\container\\BoundMethod.php(36): App\\Http\\Controllers\\BookController->getAll()
#10 C:\\wamp64\\www\\lumen-1\\vendor\\illuminate\\container\\Util.php(41): Illuminate\\Container\\BoundMethod::Illuminate\\Container\\{closure}()
#11 C:\\wamp64\\www\\lumen-1\\vendor\\illuminate\\container\\BoundMethod.php(93): Illuminate\\Container\\Util::unwrapIfClosure(Object(Closure))
#12 C:\\wamp64\\www\\lumen-1\\vendor\\illuminate\\container\\BoundMethod.php(35): Illuminate\\Container\\BoundMethod::callBoundMethod(Object(Laravel\\Lumen\\Application), Array, Object(Closure))
#13 C:\\wamp64\\www\\lumen-1\\vendor\\illuminate\\container\\Container.php(662): Illuminate\\Container\\BoundMethod::call(Object(Laravel\\Lumen\\Application), Array, Array, NULL)
#14 C:\\wamp64\\www\\lumen-1\\vendor\\laravel\\lumen-framework\\src\\Concerns\\RoutesRequests.php(391): Illuminate\\Container\\Container->call(Array, Array)
#15 C:\\wamp64\\www\\lumen-1\\vendor\\laravel\\lumen-framework\\src\\Concerns\\RoutesRequests.php(356): Laravel\\Lumen\\Application->callControllerCallable(Array, Array)
#16 C:\\wamp64\\www\\lumen-1\\vendor\\laravel\\lumen-framework\\src\\Concerns\\RoutesRequests.php(331): Laravel\\Lumen\\Application->callLumenController(Object(App\\Http\\Controllers\\BookController), 'getAll', Array)
#17 C:\\wamp64\\www\\lumen-1\\vendor\\laravel\\lumen-framework\\src\\Concerns\\RoutesRequests.php(284): Laravel\\Lumen\\Application->callControllerAction(Array)
#18 C:\\wamp64\\www\\lumen-1\\vendor\\laravel\\lumen-framework\\src\\Concerns\\RoutesRequests.php(269): Laravel\\Lumen\\Application->callActionOnArrayBasedRoute(Array)
#19 C:\\wamp64\\www\\lumen-1\\vendor\\laravel\\lumen-framework\\src\\Concerns\\RoutesRequests.php(171): Laravel\\Lumen\\Application->handleFoundRoute(Array)
#20 C:\\wamp64\\www\\lumen-1\\vendor\\laravel\\lumen-framework\\src\\Concerns\\RoutesRequests.php(431): Laravel\\Lumen\\Application->Laravel\\Lumen\\Concerns\\{closure}(Object(Laravel\\Lumen\\Http\\Request))
#21 C:\\wamp64\\www\\lumen-1\\vendor\\laravel\\lumen-framework\\src\\Concerns\\RoutesRequests.php(167): Laravel\\Lumen\\Application->sendThroughPipeline(Array, Object(Closure))
#22 C:\\wamp64\\www\\lumen-1\\vendor\\laravel\\lumen-framework\\src\\Concerns\\RoutesRequests.php(112): Laravel\\Lumen\\Application->dispatch(NULL)
#23 C:\\wamp64\\www\\lumen-1\\public\\index.php(28): Laravel\\Lumen\\Application->run()
#24 {main}

[previous exception] [object] (PDOException(code: 42S22): SQLSTATE[42S22]: Column not found: 1054 Unknown column 'updated_at' in 'field list' at C:\\wamp64\\www\\lumen-1\\vendor\\illuminate\\database\\Connection.php:423)
[stacktrace]
#0 C:\\wamp64\\www\\lumen-1\\vendor\\illuminate\\database\\Connection.php(423): PDO->prepare('select `id`, `t...')
#1 C:\\wamp64\\www\\lumen-1\\vendor\\illuminate\\database\\Connection.php(816): Illuminate\\Database\\Connection->Illuminate\\Database\\{closure}('select `id`, `t...', Array)
#2 C:\\wamp64\\www\\lumen-1\\vendor\\illuminate\\database\\Connection.php(783): Illuminate\\Database\\Connection->runQueryCallback('select `id`, `t...', Array, Object(Closure))
#3 C:\\wamp64\\www\\lumen-1\\vendor\\illuminate\\database\\Connection.php(414): Illuminate\\Database\\Connection->run('select `id`, `t...', Array, Object(Closure))
#4 C:\\wamp64\\www\\lumen-1\\vendor\\illuminate\\database\\Query\\Builder.php(2913): Illuminate\\Database\\Connection->select('select `id`, `t...', Array, true)
#5 C:\\wamp64\\www\\lumen-1\\vendor\\illuminate\\database\\Query\\Builder.php(2902): Illuminate\\Database\\Query\\Builder->runSelect()
#6 C:\\wamp64\\www\\lumen-1\\vendor\\illuminate\\database\\Query\\Builder.php(3456): Illuminate\\Database\\Query\\Builder->Illuminate\\Database\\Query\\{closure}()
#7 C:\\wamp64\\www\\lumen-1\\vendor\\illuminate\\database\\Query\\Builder.php(2901): Illuminate\\Database\\Query\\Builder->onceWithColumns(Array, Object(Closure))
#8 C:\\wamp64\\www\\lumen-1\\vendor\\illuminate\\database\\Eloquent\\Builder.php(739): Illuminate\\Database\\Query\\Builder->get(Array)
#9 C:\\wamp64\\www\\lumen-1\\vendor\\illuminate\\database\\Eloquent\\Builder.php(723): Illuminate\\Database\\Eloquent\\Builder->getModels(Array)
#10 C:\\wamp64\\www\\lumen-1\\app\\Http\\Controllers\\BookController.php(22): Illuminate\\Database\\Eloquent\\Builder->get()
#11 C:\\wamp64\\www\\lumen-1\\vendor\\illuminate\\container\\BoundMethod.php(36): App\\Http\\Controllers\\BookController->getAll()
#12 C:\\wamp64\\www\\lumen-1\\vendor\\illuminate\\container\\Util.php(41): Illuminate\\Container\\BoundMethod::Illuminate\\Container\\{closure}()
#13 C:\\wamp64\\www\\lumen-1\\vendor\\illuminate\\container\\BoundMethod.php(93): Illuminate\\Container\\Util::unwrapIfClosure(Object(Closure))
#14 C:\\wamp64\\www\\lumen-1\\vendor\\illuminate\\container\\BoundMethod.php(35): Illuminate\\Container\\BoundMethod::callBoundMethod(Object(Laravel\\Lumen\\Application), Array, Object(Closure))
#15 C:\\wamp64\\www\\lumen-1\\vendor\\illuminate\\container\\Container.php(662): Illuminate\\Container\\BoundMethod::call(Object(Laravel\\Lumen\\Application), Array, Array, NULL)
#16 C:\\wamp64\\www\\lumen-1\\vendor\\laravel\\lumen-framework\\src\\Concerns\\RoutesRequests.php(391): Illuminate\\Container\\Container->call(Array, Array)
#17 C:\\wamp64\\www\\lumen-1\\vendor\\laravel\\lumen-framework\\src\\Concerns\\RoutesRequests.php(356): Laravel\\Lumen\\Application->callControllerCallable(Array, Array)
#18 C:\\wamp64\\www\\lumen-1\\vendor\\laravel\\lumen-framework\\src\\Concerns\\RoutesRequests.php(331): Laravel\\Lumen\\Application->callLumenController(Object(App\\Http\\Controllers\\BookController), 'getAll', Array)
#19 C:\\wamp64\\www\\lumen-1\\vendor\\laravel\\lumen-framework\\src\\Concerns\\RoutesRequests.php(284): Laravel\\Lumen\\Application->callControllerAction(Array)
#20 C:\\wamp64\\www\\lumen-1\\vendor\\laravel\\lumen-framework\\src\\Concerns\\RoutesRequests.php(269): Laravel\\Lumen\\Application->callActionOnArrayBasedRoute(Array)
#21 C:\\wamp64\\www\\lumen-1\\vendor\\laravel\\lumen-framework\\src\\Concerns\\RoutesRequests.php(171): Laravel\\Lumen\\Application->handleFoundRoute(Array)
#22 C:\\wamp64\\www\\lumen-1\\vendor\\laravel\\lumen-framework\\src\\Concerns\\RoutesRequests.php(431): Laravel\\Lumen\\Application->Laravel\\Lumen\\Concerns\\{closure}(Object(Laravel\\Lumen\\Http\\Request))
#23 C:\\wamp64\\www\\lumen-1\\vendor\\laravel\\lumen-framework\\src\\Concerns\\RoutesRequests.php(167): Laravel\\Lumen\\Application->sendThroughPipeline(Array, Object(Closure))
#24 C:\\wamp64\\www\\lumen-1\\vendor\\laravel\\lumen-framework\\src\\Concerns\\RoutesRequests.php(112): Laravel\\Lumen\\Application->dispatch(NULL)
#25 C:\\wamp64\\www\\lumen-1\\public\\index.php(28): Laravel\\Lumen\\Application->run()
#26 {main}
"} 
[2025-03-21 17:30:25] local.ERROR: SQLSTATE[42S22]: Column not found: 1054 Unknown column 'updated_at' in 'field list' (Connection: mysql, SQL: select `id`, `title`, `book_image`, `updated_at` from `books` order by `title` asc) {"exception":"[object] (Illuminate\\Database\\QueryException(code: 42S22): SQLSTATE[42S22]: Column not found: 1054 Unknown column 'updated_at' in 'field list' (Connection: mysql, SQL: select `id`, `title`, `book_image`, `updated_at` from `books` order by `title` asc) at C:\\wamp64\\www\\lumen-1\\vendor\\illuminate\\database\\Connection.php:829)
[stacktrace]
#0 C:\\wamp64\\www\\lumen-1\\vendor\\illuminate\\database\\Connection.php(783): Illuminate\\Database\\Connection->runQueryCallback('select `id`, `t...', Array, Object(Closure))
#1 C:\\wamp64\\www\\lumen-1\\vendor\\illuminate\\database\\Connection.php(414): Illuminate\\Database\\Connection->run('select `id`, `t...', Array, Object(Closure))
#2 C:\\wamp64\\www\\lumen-1\\vendor\\illuminate\\database\\Query\\Builder.php(2913): Illuminate\\Database\\Connection->select('select `id`, `t...', Array, true)
#3 C:\\wamp64\\www\\lumen-1\\vendor\\illuminate\\database\\Query\\Builder.php(2902): Illuminate\\Database\\Query\\Builder->runSelect()
#4 C:\\wamp64\\www\\lumen-1\\vendor\\illuminate\\database\\Query\\Builder.php(3456): Illuminate\\Database\\Query\\Builder->Illuminate\\Database\\Query\\{closure}()
#5 C:\\wamp64\\www\\lumen-1\\vendor\\illuminate\\database\\Query\\Builder.php(2901): Illuminate\\Database\\Query\\Builder->onceWithColumns(Array, Object(Closure))
#6 C:\\wamp64\\www\\lumen-1\\vendor\\illuminate\\database\\Eloquent\\Builder.php(739): Illuminate\\Database\\Query\\Builder->get(Array)
#7 C:\\wamp64\\www\\lumen-1\\vendor\\illuminate\\database\\Eloquent\\Builder.php(723): Illuminate\\Database\\Eloquent\\Builder->getModels(Array)
#8 C:\\wamp64\\www\\lumen-1\\app\\Http\\Controllers\\BookController.php(22): Illuminate\\Database\\Eloquent\\Builder->get()
#9 C:\\wamp64\\www\\lumen-1\\vendor\\illuminate\\container\\BoundMethod.php(36): App\\Http\\Controllers\\BookController->getAll()
#10 C:\\wamp64\\www\\lumen-1\\vendor\\illuminate\\container\\Util.php(41): Illuminate\\Container\\BoundMethod::Illuminate\\Container\\{closure}()
#11 C:\\wamp64\\www\\lumen-1\\vendor\\illuminate\\container\\BoundMethod.php(93): Illuminate\\Container\\Util::unwrapIfClosure(Object(Closure))
#12 C:\\wamp64\\www\\lumen-1\\vendor\\illuminate\\container\\BoundMethod.php(35): Illuminate\\Container\\BoundMethod::callBoundMethod(Object(Laravel\\Lumen\\Application), Array, Object(Closure))
#13 C:\\wamp64\\www\\lumen-1\\vendor\\illuminate\\container\\Container.php(662): Illuminate\\Container\\BoundMethod::call(Object(Laravel\\Lumen\\Application), Array, Array, NULL)
#14 C:\\wamp64\\www\\lumen-1\\vendor\\laravel\\lumen-framework\\src\\Concerns\\RoutesRequests.php(391): Illuminate\\Container\\Container->call(Array, Array)
#15 C:\\wamp64\\www\\lumen-1\\vendor\\laravel\\lumen-framework\\src\\Concerns\\RoutesRequests.php(356): Laravel\\Lumen\\Application->callControllerCallable(Array, Array)
#16 C:\\wamp64\\www\\lumen-1\\vendor\\laravel\\lumen-framework\\src\\Concerns\\RoutesRequests.php(331): Laravel\\Lumen\\Application->callLumenController(Object(App\\Http\\Controllers\\BookController), 'getAll', Array)
#17 C:\\wamp64\\www\\lumen-1\\vendor\\laravel\\lumen-framework\\src\\Concerns\\RoutesRequests.php(284): Laravel\\Lumen\\Application->callControllerAction(Array)
#18 C:\\wamp64\\www\\lumen-1\\vendor\\laravel\\lumen-framework\\src\\Concerns\\RoutesRequests.php(269): Laravel\\Lumen\\Application->callActionOnArrayBasedRoute(Array)
#19 C:\\wamp64\\www\\lumen-1\\vendor\\laravel\\lumen-framework\\src\\Concerns\\RoutesRequests.php(171): Laravel\\Lumen\\Application->handleFoundRoute(Array)
#20 C:\\wamp64\\www\\lumen-1\\vendor\\laravel\\lumen-framework\\src\\Concerns\\RoutesRequests.php(431): Laravel\\Lumen\\Application->Laravel\\Lumen\\Concerns\\{closure}(Object(Laravel\\Lumen\\Http\\Request))
#21 C:\\wamp64\\www\\lumen-1\\vendor\\laravel\\lumen-framework\\src\\Concerns\\RoutesRequests.php(167): Laravel\\Lumen\\Application->sendThroughPipeline(Array, Object(Closure))
#22 C:\\wamp64\\www\\lumen-1\\vendor\\laravel\\lumen-framework\\src\\Concerns\\RoutesRequests.php(112): Laravel\\Lumen\\Application->dispatch(NULL)
#23 C:\\wamp64\\www\\lumen-1\\public\\index.php(28): Laravel\\Lumen\\Application->run()
#24 {main}

[previous exception] [object] (PDOException(code: 42S22): SQLSTATE[42S22]: Column not found: 1054 Unknown column 'updated_at' in 'field list' at C:\\wamp64\\www\\lumen-1\\vendor\\illuminate\\database\\Connection.php:423)
[stacktrace]
#0 C:\\wamp64\\www\\lumen-1\\vendor\\illuminate\\database\\Connection.php(423): PDO->prepare('select `id`, `t...')
#1 C:\\wamp64\\www\\lumen-1\\vendor\\illuminate\\database\\Connection.php(816): Illuminate\\Database\\Connection->Illuminate\\Database\\{closure}('select `id`, `t...', Array)
#2 C:\\wamp64\\www\\lumen-1\\vendor\\illuminate\\database\\Connection.php(783): Illuminate\\Database\\Connection->runQueryCallback('select `id`, `t...', Array, Object(Closure))
#3 C:\\wamp64\\www\\lumen-1\\vendor\\illuminate\\database\\Connection.php(414): Illuminate\\Database\\Connection->run('select `id`, `t...', Array, Object(Closure))
#4 C:\\wamp64\\www\\lumen-1\\vendor\\illuminate\\database\\Query\\Builder.php(2913): Illuminate\\Database\\Connection->select('select `id`, `t...', Array, true)
#5 C:\\wamp64\\www\\lumen-1\\vendor\\illuminate\\database\\Query\\Builder.php(2902): Illuminate\\Database\\Query\\Builder->runSelect()
#6 C:\\wamp64\\www\\lumen-1\\vendor\\illuminate\\database\\Query\\Builder.php(3456): Illuminate\\Database\\Query\\Builder->Illuminate\\Database\\Query\\{closure}()
#7 C:\\wamp64\\www\\lumen-1\\vendor\\illuminate\\database\\Query\\Builder.php(2901): Illuminate\\Database\\Query\\Builder->onceWithColumns(Array, Object(Closure))
#8 C:\\wamp64\\www\\lumen-1\\vendor\\illuminate\\database\\Eloquent\\Builder.php(739): Illuminate\\Database\\Query\\Builder->get(Array)
#9 C:\\wamp64\\www\\lumen-1\\vendor\\illuminate\\database\\Eloquent\\Builder.php(723): Illuminate\\Database\\Eloquent\\Builder->getModels(Array)
#10 C:\\wamp64\\www\\lumen-1\\app\\Http\\Controllers\\BookController.php(22): Illuminate\\Database\\Eloquent\\Builder->get()
#11 C:\\wamp64\\www\\lumen-1\\vendor\\illuminate\\container\\BoundMethod.php(36): App\\Http\\Controllers\\BookController->getAll()
#12 C:\\wamp64\\www\\lumen-1\\vendor\\illuminate\\container\\Util.php(41): Illuminate\\Container\\BoundMethod::Illuminate\\Container\\{closure}()
#13 C:\\wamp64\\www\\lumen-1\\vendor\\illuminate\\container\\BoundMethod.php(93): Illuminate\\Container\\Util::unwrapIfClosure(Object(Closure))
#14 C:\\wamp64\\www\\lumen-1\\vendor\\illuminate\\container\\BoundMethod.php(35): Illuminate\\Container\\BoundMethod::callBoundMethod(Object(Laravel\\Lumen\\Application), Array, Object(Closure))
#15 C:\\wamp64\\www\\lumen-1\\vendor\\illuminate\\container\\Container.php(662): Illuminate\\Container\\BoundMethod::call(Object(Laravel\\Lumen\\Application), Array, Array, NULL)
#16 C:\\wamp64\\www\\lumen-1\\vendor\\laravel\\lumen-framework\\src\\Concerns\\RoutesRequests.php(391): Illuminate\\Container\\Container->call(Array, Array)
#17 C:\\wamp64\\www\\lumen-1\\vendor\\laravel\\lumen-framework\\src\\Concerns\\RoutesRequests.php(356): Laravel\\Lumen\\Application->callControllerCallable(Array, Array)
#18 C:\\wamp64\\www\\lumen-1\\vendor\\laravel\\lumen-framework\\src\\Concerns\\RoutesRequests.php(331): Laravel\\Lumen\\Application->callLumenController(Object(App\\Http\\Controllers\\BookController), 'getAll', Array)
#19 C:\\wamp64\\www\\lumen-1\\vendor\\laravel\\lumen-framework\\src\\Concerns\\RoutesRequests.php(284): Laravel\\Lumen\\Application->callControllerAction(Array)
#20 C:\\wamp64\\www\\lumen-1\\vendor\\laravel\\lumen-framework\\src\\Concerns\\RoutesRequests.php(269): Laravel\\Lumen\\Application->callActionOnArrayBasedRoute(Array)
#21 C:\\wamp64\\www\\lumen-1\\vendor\\laravel\\lumen-framework\\src\\Concerns\\RoutesRequests.php(171): Laravel\\Lumen\\Application->handleFoundRoute(Array)
#22 C:\\wamp64\\www\\lumen-1\\vendor\\laravel\\lumen-framework\\src\\Concerns\\RoutesRequests.php(431): Laravel\\Lumen\\Application->Laravel\\Lumen\\Concerns\\{closure}(Object(Laravel\\Lumen\\Http\\Request))
#23 C:\\wamp64\\www\\lumen-1\\vendor\\laravel\\lumen-framework\\src\\Concerns\\RoutesRequests.php(167): Laravel\\Lumen\\Application->sendThroughPipeline(Array, Object(Closure))
#24 C:\\wamp64\\www\\lumen-1\\vendor\\laravel\\lumen-framework\\src\\Concerns\\RoutesRequests.php(112): Laravel\\Lumen\\Application->dispatch(NULL)
#25 C:\\wamp64\\www\\lumen-1\\public\\index.php(28): Laravel\\Lumen\\Application->run()
#26 {main}
"} 
[2025-03-21 17:41:49] local.ERROR: SQLSTATE[42S22]: Column not found: 1054 Unknown column 'books_id' in 'field list' (Connection: mysql, SQL: select `books_id`, `books`.`title`, `authors`.`name`, `books`.`published_date`, `bboks`.`book_image` from `books` inner join `authors` on `authors_id` = `books`.`author_id` order by `books`.`title` asc) {"exception":"[object] (Illuminate\\Database\\QueryException(code: 42S22): SQLSTATE[42S22]: Column not found: 1054 Unknown column 'books_id' in 'field list' (Connection: mysql, SQL: select `books_id`, `books`.`title`, `authors`.`name`, `books`.`published_date`, `bboks`.`book_image` from `books` inner join `authors` on `authors_id` = `books`.`author_id` order by `books`.`title` asc) at C:\\wamp64\\www\\lumen-1\\vendor\\illuminate\\database\\Connection.php:829)
[stacktrace]
#0 C:\\wamp64\\www\\lumen-1\\vendor\\illuminate\\database\\Connection.php(783): Illuminate\\Database\\Connection->runQueryCallback('select `books_i...', Array, Object(Closure))
#1 C:\\wamp64\\www\\lumen-1\\vendor\\illuminate\\database\\Connection.php(414): Illuminate\\Database\\Connection->run('select `books_i...', Array, Object(Closure))
#2 C:\\wamp64\\www\\lumen-1\\vendor\\illuminate\\database\\Query\\Builder.php(2913): Illuminate\\Database\\Connection->select('select `books_i...', Array, true)
#3 C:\\wamp64\\www\\lumen-1\\vendor\\illuminate\\database\\Query\\Builder.php(2902): Illuminate\\Database\\Query\\Builder->runSelect()
#4 C:\\wamp64\\www\\lumen-1\\vendor\\illuminate\\database\\Query\\Builder.php(3456): Illuminate\\Database\\Query\\Builder->Illuminate\\Database\\Query\\{closure}()
#5 C:\\wamp64\\www\\lumen-1\\vendor\\illuminate\\database\\Query\\Builder.php(2901): Illuminate\\Database\\Query\\Builder->onceWithColumns(Array, Object(Closure))
#6 C:\\wamp64\\www\\lumen-1\\vendor\\illuminate\\database\\Eloquent\\Builder.php(739): Illuminate\\Database\\Query\\Builder->get(Array)
#7 C:\\wamp64\\www\\lumen-1\\vendor\\illuminate\\database\\Eloquent\\Builder.php(723): Illuminate\\Database\\Eloquent\\Builder->getModels(Array)
#8 C:\\wamp64\\www\\lumen-1\\app\\Http\\Controllers\\BookController.php(25): Illuminate\\Database\\Eloquent\\Builder->get()
#9 C:\\wamp64\\www\\lumen-1\\vendor\\illuminate\\container\\BoundMethod.php(36): App\\Http\\Controllers\\BookController->getAll()
#10 C:\\wamp64\\www\\lumen-1\\vendor\\illuminate\\container\\Util.php(41): Illuminate\\Container\\BoundMethod::Illuminate\\Container\\{closure}()
#11 C:\\wamp64\\www\\lumen-1\\vendor\\illuminate\\container\\BoundMethod.php(93): Illuminate\\Container\\Util::unwrapIfClosure(Object(Closure))
#12 C:\\wamp64\\www\\lumen-1\\vendor\\illuminate\\container\\BoundMethod.php(35): Illuminate\\Container\\BoundMethod::callBoundMethod(Object(Laravel\\Lumen\\Application), Array, Object(Closure))
#13 C:\\wamp64\\www\\lumen-1\\vendor\\illuminate\\container\\Container.php(662): Illuminate\\Container\\BoundMethod::call(Object(Laravel\\Lumen\\Application), Array, Array, NULL)
#14 C:\\wamp64\\www\\lumen-1\\vendor\\laravel\\lumen-framework\\src\\Concerns\\RoutesRequests.php(391): Illuminate\\Container\\Container->call(Array, Array)
#15 C:\\wamp64\\www\\lumen-1\\vendor\\laravel\\lumen-framework\\src\\Concerns\\RoutesRequests.php(356): Laravel\\Lumen\\Application->callControllerCallable(Array, Array)
#16 C:\\wamp64\\www\\lumen-1\\vendor\\laravel\\lumen-framework\\src\\Concerns\\RoutesRequests.php(331): Laravel\\Lumen\\Application->callLumenController(Object(App\\Http\\Controllers\\BookController), 'getAll', Array)
#17 C:\\wamp64\\www\\lumen-1\\vendor\\laravel\\lumen-framework\\src\\Concerns\\RoutesRequests.php(284): Laravel\\Lumen\\Application->callControllerAction(Array)
#18 C:\\wamp64\\www\\lumen-1\\vendor\\laravel\\lumen-framework\\src\\Concerns\\RoutesRequests.php(269): Laravel\\Lumen\\Application->callActionOnArrayBasedRoute(Array)
#19 C:\\wamp64\\www\\lumen-1\\vendor\\laravel\\lumen-framework\\src\\Concerns\\RoutesRequests.php(171): Laravel\\Lumen\\Application->handleFoundRoute(Array)
#20 C:\\wamp64\\www\\lumen-1\\vendor\\laravel\\lumen-framework\\src\\Concerns\\RoutesRequests.php(431): Laravel\\Lumen\\Application->Laravel\\Lumen\\Concerns\\{closure}(Object(Laravel\\Lumen\\Http\\Request))
#21 C:\\wamp64\\www\\lumen-1\\vendor\\laravel\\lumen-framework\\src\\Concerns\\RoutesRequests.php(167): Laravel\\Lumen\\Application->sendThroughPipeline(Array, Object(Closure))
#22 C:\\wamp64\\www\\lumen-1\\vendor\\laravel\\lumen-framework\\src\\Concerns\\RoutesRequests.php(112): Laravel\\Lumen\\Application->dispatch(NULL)
#23 C:\\wamp64\\www\\lumen-1\\public\\index.php(28): Laravel\\Lumen\\Application->run()
#24 {main}

[previous exception] [object] (PDOException(code: 42S22): SQLSTATE[42S22]: Column not found: 1054 Unknown column 'books_id' in 'field list' at C:\\wamp64\\www\\lumen-1\\vendor\\illuminate\\database\\Connection.php:423)
[stacktrace]
#0 C:\\wamp64\\www\\lumen-1\\vendor\\illuminate\\database\\Connection.php(423): PDO->prepare('select `books_i...')
#1 C:\\wamp64\\www\\lumen-1\\vendor\\illuminate\\database\\Connection.php(816): Illuminate\\Database\\Connection->Illuminate\\Database\\{closure}('select `books_i...', Array)
#2 C:\\wamp64\\www\\lumen-1\\vendor\\illuminate\\database\\Connection.php(783): Illuminate\\Database\\Connection->runQueryCallback('select `books_i...', Array, Object(Closure))
#3 C:\\wamp64\\www\\lumen-1\\vendor\\illuminate\\database\\Connection.php(414): Illuminate\\Database\\Connection->run('select `books_i...', Array, Object(Closure))
#4 C:\\wamp64\\www\\lumen-1\\vendor\\illuminate\\database\\Query\\Builder.php(2913): Illuminate\\Database\\Connection->select('select `books_i...', Array, true)
#5 C:\\wamp64\\www\\lumen-1\\vendor\\illuminate\\database\\Query\\Builder.php(2902): Illuminate\\Database\\Query\\Builder->runSelect()
#6 C:\\wamp64\\www\\lumen-1\\vendor\\illuminate\\database\\Query\\Builder.php(3456): Illuminate\\Database\\Query\\Builder->Illuminate\\Database\\Query\\{closure}()
#7 C:\\wamp64\\www\\lumen-1\\vendor\\illuminate\\database\\Query\\Builder.php(2901): Illuminate\\Database\\Query\\Builder->onceWithColumns(Array, Object(Closure))
#8 C:\\wamp64\\www\\lumen-1\\vendor\\illuminate\\database\\Eloquent\\Builder.php(739): Illuminate\\Database\\Query\\Builder->get(Array)
#9 C:\\wamp64\\www\\lumen-1\\vendor\\illuminate\\database\\Eloquent\\Builder.php(723): Illuminate\\Database\\Eloquent\\Builder->getModels(Array)
#10 C:\\wamp64\\www\\lumen-1\\app\\Http\\Controllers\\BookController.php(25): Illuminate\\Database\\Eloquent\\Builder->get()
#11 C:\\wamp64\\www\\lumen-1\\vendor\\illuminate\\container\\BoundMethod.php(36): App\\Http\\Controllers\\BookController->getAll()
#12 C:\\wamp64\\www\\lumen-1\\vendor\\illuminate\\container\\Util.php(41): Illuminate\\Container\\BoundMethod::Illuminate\\Container\\{closure}()
#13 C:\\wamp64\\www\\lumen-1\\vendor\\illuminate\\container\\BoundMethod.php(93): Illuminate\\Container\\Util::unwrapIfClosure(Object(Closure))
#14 C:\\wamp64\\www\\lumen-1\\vendor\\illuminate\\container\\BoundMethod.php(35): Illuminate\\Container\\BoundMethod::callBoundMethod(Object(Laravel\\Lumen\\Application), Array, Object(Closure))
#15 C:\\wamp64\\www\\lumen-1\\vendor\\illuminate\\container\\Container.php(662): Illuminate\\Container\\BoundMethod::call(Object(Laravel\\Lumen\\Application), Array, Array, NULL)
#16 C:\\wamp64\\www\\lumen-1\\vendor\\laravel\\lumen-framework\\src\\Concerns\\RoutesRequests.php(391): Illuminate\\Container\\Container->call(Array, Array)
#17 C:\\wamp64\\www\\lumen-1\\vendor\\laravel\\lumen-framework\\src\\Concerns\\RoutesRequests.php(356): Laravel\\Lumen\\Application->callControllerCallable(Array, Array)
#18 C:\\wamp64\\www\\lumen-1\\vendor\\laravel\\lumen-framework\\src\\Concerns\\RoutesRequests.php(331): Laravel\\Lumen\\Application->callLumenController(Object(App\\Http\\Controllers\\BookController), 'getAll', Array)
#19 C:\\wamp64\\www\\lumen-1\\vendor\\laravel\\lumen-framework\\src\\Concerns\\RoutesRequests.php(284): Laravel\\Lumen\\Application->callControllerAction(Array)
#20 C:\\wamp64\\www\\lumen-1\\vendor\\laravel\\lumen-framework\\src\\Concerns\\RoutesRequests.php(269): Laravel\\Lumen\\Application->callActionOnArrayBasedRoute(Array)
#21 C:\\wamp64\\www\\lumen-1\\vendor\\laravel\\lumen-framework\\src\\Concerns\\RoutesRequests.php(171): Laravel\\Lumen\\Application->handleFoundRoute(Array)
#22 C:\\wamp64\\www\\lumen-1\\vendor\\laravel\\lumen-framework\\src\\Concerns\\RoutesRequests.php(431): Laravel\\Lumen\\Application->Laravel\\Lumen\\Concerns\\{closure}(Object(Laravel\\Lumen\\Http\\Request))
#23 C:\\wamp64\\www\\lumen-1\\vendor\\laravel\\lumen-framework\\src\\Concerns\\RoutesRequests.php(167): Laravel\\Lumen\\Application->sendThroughPipeline(Array, Object(Closure))
#24 C:\\wamp64\\www\\lumen-1\\vendor\\laravel\\lumen-framework\\src\\Concerns\\RoutesRequests.php(112): Laravel\\Lumen\\Application->dispatch(NULL)
#25 C:\\wamp64\\www\\lumen-1\\public\\index.php(28): Laravel\\Lumen\\Application->run()
#26 {main}
"} 
[2025-03-21 17:42:08] local.ERROR: SQLSTATE[42S22]: Column not found: 1054 Unknown column 'books_id' in 'field list' (Connection: mysql, SQL: select `books_id`, `books`.`title`, `authors`.`name`, `books`.`published_date`, `books`.`book_image` from `books` inner join `authors` on `authors_id` = `books`.`author_id` order by `books`.`title` asc) {"exception":"[object] (Illuminate\\Database\\QueryException(code: 42S22): SQLSTATE[42S22]: Column not found: 1054 Unknown column 'books_id' in 'field list' (Connection: mysql, SQL: select `books_id`, `books`.`title`, `authors`.`name`, `books`.`published_date`, `books`.`book_image` from `books` inner join `authors` on `authors_id` = `books`.`author_id` order by `books`.`title` asc) at C:\\wamp64\\www\\lumen-1\\vendor\\illuminate\\database\\Connection.php:829)
[stacktrace]
#0 C:\\wamp64\\www\\lumen-1\\vendor\\illuminate\\database\\Connection.php(783): Illuminate\\Database\\Connection->runQueryCallback('select `books_i...', Array, Object(Closure))
#1 C:\\wamp64\\www\\lumen-1\\vendor\\illuminate\\database\\Connection.php(414): Illuminate\\Database\\Connection->run('select `books_i...', Array, Object(Closure))
#2 C:\\wamp64\\www\\lumen-1\\vendor\\illuminate\\database\\Query\\Builder.php(2913): Illuminate\\Database\\Connection->select('select `books_i...', Array, true)
#3 C:\\wamp64\\www\\lumen-1\\vendor\\illuminate\\database\\Query\\Builder.php(2902): Illuminate\\Database\\Query\\Builder->runSelect()
#4 C:\\wamp64\\www\\lumen-1\\vendor\\illuminate\\database\\Query\\Builder.php(3456): Illuminate\\Database\\Query\\Builder->Illuminate\\Database\\Query\\{closure}()
#5 C:\\wamp64\\www\\lumen-1\\vendor\\illuminate\\database\\Query\\Builder.php(2901): Illuminate\\Database\\Query\\Builder->onceWithColumns(Array, Object(Closure))
#6 C:\\wamp64\\www\\lumen-1\\vendor\\illuminate\\database\\Eloquent\\Builder.php(739): Illuminate\\Database\\Query\\Builder->get(Array)
#7 C:\\wamp64\\www\\lumen-1\\vendor\\illuminate\\database\\Eloquent\\Builder.php(723): Illuminate\\Database\\Eloquent\\Builder->getModels(Array)
#8 C:\\wamp64\\www\\lumen-1\\app\\Http\\Controllers\\BookController.php(25): Illuminate\\Database\\Eloquent\\Builder->get()
#9 C:\\wamp64\\www\\lumen-1\\vendor\\illuminate\\container\\BoundMethod.php(36): App\\Http\\Controllers\\BookController->getAll()
#10 C:\\wamp64\\www\\lumen-1\\vendor\\illuminate\\container\\Util.php(41): Illuminate\\Container\\BoundMethod::Illuminate\\Container\\{closure}()
#11 C:\\wamp64\\www\\lumen-1\\vendor\\illuminate\\container\\BoundMethod.php(93): Illuminate\\Container\\Util::unwrapIfClosure(Object(Closure))
#12 C:\\wamp64\\www\\lumen-1\\vendor\\illuminate\\container\\BoundMethod.php(35): Illuminate\\Container\\BoundMethod::callBoundMethod(Object(Laravel\\Lumen\\Application), Array, Object(Closure))
#13 C:\\wamp64\\www\\lumen-1\\vendor\\illuminate\\container\\Container.php(662): Illuminate\\Container\\BoundMethod::call(Object(Laravel\\Lumen\\Application), Array, Array, NULL)
#14 C:\\wamp64\\www\\lumen-1\\vendor\\laravel\\lumen-framework\\src\\Concerns\\RoutesRequests.php(391): Illuminate\\Container\\Container->call(Array, Array)
#15 C:\\wamp64\\www\\lumen-1\\vendor\\laravel\\lumen-framework\\src\\Concerns\\RoutesRequests.php(356): Laravel\\Lumen\\Application->callControllerCallable(Array, Array)
#16 C:\\wamp64\\www\\lumen-1\\vendor\\laravel\\lumen-framework\\src\\Concerns\\RoutesRequests.php(331): Laravel\\Lumen\\Application->callLumenController(Object(App\\Http\\Controllers\\BookController), 'getAll', Array)
#17 C:\\wamp64\\www\\lumen-1\\vendor\\laravel\\lumen-framework\\src\\Concerns\\RoutesRequests.php(284): Laravel\\Lumen\\Application->callControllerAction(Array)
#18 C:\\wamp64\\www\\lumen-1\\vendor\\laravel\\lumen-framework\\src\\Concerns\\RoutesRequests.php(269): Laravel\\Lumen\\Application->callActionOnArrayBasedRoute(Array)
#19 C:\\wamp64\\www\\lumen-1\\vendor\\laravel\\lumen-framework\\src\\Concerns\\RoutesRequests.php(171): Laravel\\Lumen\\Application->handleFoundRoute(Array)
#20 C:\\wamp64\\www\\lumen-1\\vendor\\laravel\\lumen-framework\\src\\Concerns\\RoutesRequests.php(431): Laravel\\Lumen\\Application->Laravel\\Lumen\\Concerns\\{closure}(Object(Laravel\\Lumen\\Http\\Request))
#21 C:\\wamp64\\www\\lumen-1\\vendor\\laravel\\lumen-framework\\src\\Concerns\\RoutesRequests.php(167): Laravel\\Lumen\\Application->sendThroughPipeline(Array, Object(Closure))
#22 C:\\wamp64\\www\\lumen-1\\vendor\\laravel\\lumen-framework\\src\\Concerns\\RoutesRequests.php(112): Laravel\\Lumen\\Application->dispatch(NULL)
#23 C:\\wamp64\\www\\lumen-1\\public\\index.php(28): Laravel\\Lumen\\Application->run()
#24 {main}

[previous exception] [object] (PDOException(code: 42S22): SQLSTATE[42S22]: Column not found: 1054 Unknown column 'books_id' in 'field list' at C:\\wamp64\\www\\lumen-1\\vendor\\illuminate\\database\\Connection.php:423)
[stacktrace]
#0 C:\\wamp64\\www\\lumen-1\\vendor\\illuminate\\database\\Connection.php(423): PDO->prepare('select `books_i...')
#1 C:\\wamp64\\www\\lumen-1\\vendor\\illuminate\\database\\Connection.php(816): Illuminate\\Database\\Connection->Illuminate\\Database\\{closure}('select `books_i...', Array)
#2 C:\\wamp64\\www\\lumen-1\\vendor\\illuminate\\database\\Connection.php(783): Illuminate\\Database\\Connection->runQueryCallback('select `books_i...', Array, Object(Closure))
#3 C:\\wamp64\\www\\lumen-1\\vendor\\illuminate\\database\\Connection.php(414): Illuminate\\Database\\Connection->run('select `books_i...', Array, Object(Closure))
#4 C:\\wamp64\\www\\lumen-1\\vendor\\illuminate\\database\\Query\\Builder.php(2913): Illuminate\\Database\\Connection->select('select `books_i...', Array, true)
#5 C:\\wamp64\\www\\lumen-1\\vendor\\illuminate\\database\\Query\\Builder.php(2902): Illuminate\\Database\\Query\\Builder->runSelect()
#6 C:\\wamp64\\www\\lumen-1\\vendor\\illuminate\\database\\Query\\Builder.php(3456): Illuminate\\Database\\Query\\Builder->Illuminate\\Database\\Query\\{closure}()
#7 C:\\wamp64\\www\\lumen-1\\vendor\\illuminate\\database\\Query\\Builder.php(2901): Illuminate\\Database\\Query\\Builder->onceWithColumns(Array, Object(Closure))
#8 C:\\wamp64\\www\\lumen-1\\vendor\\illuminate\\database\\Eloquent\\Builder.php(739): Illuminate\\Database\\Query\\Builder->get(Array)
#9 C:\\wamp64\\www\\lumen-1\\vendor\\illuminate\\database\\Eloquent\\Builder.php(723): Illuminate\\Database\\Eloquent\\Builder->getModels(Array)
#10 C:\\wamp64\\www\\lumen-1\\app\\Http\\Controllers\\BookController.php(25): Illuminate\\Database\\Eloquent\\Builder->get()
#11 C:\\wamp64\\www\\lumen-1\\vendor\\illuminate\\container\\BoundMethod.php(36): App\\Http\\Controllers\\BookController->getAll()
#12 C:\\wamp64\\www\\lumen-1\\vendor\\illuminate\\container\\Util.php(41): Illuminate\\Container\\BoundMethod::Illuminate\\Container\\{closure}()
#13 C:\\wamp64\\www\\lumen-1\\vendor\\illuminate\\container\\BoundMethod.php(93): Illuminate\\Container\\Util::unwrapIfClosure(Object(Closure))
#14 C:\\wamp64\\www\\lumen-1\\vendor\\illuminate\\container\\BoundMethod.php(35): Illuminate\\Container\\BoundMethod::callBoundMethod(Object(Laravel\\Lumen\\Application), Array, Object(Closure))
#15 C:\\wamp64\\www\\lumen-1\\vendor\\illuminate\\container\\Container.php(662): Illuminate\\Container\\BoundMethod::call(Object(Laravel\\Lumen\\Application), Array, Array, NULL)
#16 C:\\wamp64\\www\\lumen-1\\vendor\\laravel\\lumen-framework\\src\\Concerns\\RoutesRequests.php(391): Illuminate\\Container\\Container->call(Array, Array)
#17 C:\\wamp64\\www\\lumen-1\\vendor\\laravel\\lumen-framework\\src\\Concerns\\RoutesRequests.php(356): Laravel\\Lumen\\Application->callControllerCallable(Array, Array)
#18 C:\\wamp64\\www\\lumen-1\\vendor\\laravel\\lumen-framework\\src\\Concerns\\RoutesRequests.php(331): Laravel\\Lumen\\Application->callLumenController(Object(App\\Http\\Controllers\\BookController), 'getAll', Array)
#19 C:\\wamp64\\www\\lumen-1\\vendor\\laravel\\lumen-framework\\src\\Concerns\\RoutesRequests.php(284): Laravel\\Lumen\\Application->callControllerAction(Array)
#20 C:\\wamp64\\www\\lumen-1\\vendor\\laravel\\lumen-framework\\src\\Concerns\\RoutesRequests.php(269): Laravel\\Lumen\\Application->callActionOnArrayBasedRoute(Array)
#21 C:\\wamp64\\www\\lumen-1\\vendor\\laravel\\lumen-framework\\src\\Concerns\\RoutesRequests.php(171): Laravel\\Lumen\\Application->handleFoundRoute(Array)
#22 C:\\wamp64\\www\\lumen-1\\vendor\\laravel\\lumen-framework\\src\\Concerns\\RoutesRequests.php(431): Laravel\\Lumen\\Application->Laravel\\Lumen\\Concerns\\{closure}(Object(Laravel\\Lumen\\Http\\Request))
#23 C:\\wamp64\\www\\lumen-1\\vendor\\laravel\\lumen-framework\\src\\Concerns\\RoutesRequests.php(167): Laravel\\Lumen\\Application->sendThroughPipeline(Array, Object(Closure))
#24 C:\\wamp64\\www\\lumen-1\\vendor\\laravel\\lumen-framework\\src\\Concerns\\RoutesRequests.php(112): Laravel\\Lumen\\Application->dispatch(NULL)
#25 C:\\wamp64\\www\\lumen-1\\public\\index.php(28): Laravel\\Lumen\\Application->run()
#26 {main}
"} 
[2025-03-21 18:55:33] local.ERROR: Maximum execution time of 120 seconds exceeded {"exception":"[object] (Symfony\\Component\\ErrorHandler\\Error\\FatalError(code: 0): Maximum execution time of 120 seconds exceeded at C:\\wamp64\\www\\lumen-1\\vendor\\illuminate\\database\\Connectors\\Connector.php:65)
[stacktrace]
#0 C:\\wamp64\\www\\lumen-1\\vendor\\laravel\\lumen-framework\\src\\Concerns\\RegistersExceptionHandlers.php(150): Symfony\\Component\\ErrorHandler\\Error\\FatalError->__construct(message: ''Maximum execut...', code: '0', error: '['type' => 1, '...', traceOffset: '0', traceArgs: '???', trace: '???')
#1 C:\\wamp64\\www\\lumen-1\\vendor\\laravel\\lumen-framework\\src\\Concerns\\RegistersExceptionHandlers.php(137): Laravel\\Lumen\\Application->fatalErrorFromPhpError(error: '['type' => 1, '...', traceOffset: '0')
#2 C:\\wamp64\\www\\lumen-1\\vendor\\laravel\\lumen-framework\\src\\Concerns\\RegistersExceptionHandlers.php(55): Laravel\\Lumen\\Application->handleShutdown()
#3 C:\\wamp64\\www\\lumen-1\\vendor\\laravel\\lumen-framework\\src\\Concerns\\RegistersExceptionHandlers.php(0): Laravel\\Lumen\\Application->Laravel\\Lumen\\Concerns\\{closure:C:\\wamp64\\www\\lumen-1\\vendor\\laravel\\lumen-framework\\src\\Concerns\\RegistersExceptionHandlers.php:54-56}()
#4 {main}
"} 
[2025-03-21 19:03:12] local.ERROR: Maximum execution time of 120 seconds exceeded {"exception":"[object] (Symfony\\Component\\ErrorHandler\\Error\\FatalError(code: 0): Maximum execution time of 120 seconds exceeded at C:\\wamp64\\www\\lumen-1\\vendor\\illuminate\\database\\Connectors\\Connector.php:65)
[stacktrace]
#0 C:\\wamp64\\www\\lumen-1\\vendor\\laravel\\lumen-framework\\src\\Concerns\\RegistersExceptionHandlers.php(150): Symfony\\Component\\ErrorHandler\\Error\\FatalError->__construct(message: ''Maximum execut...', code: '0', error: '['type' => 1, '...', traceOffset: '0', traceArgs: '???', trace: '???')
#1 C:\\wamp64\\www\\lumen-1\\vendor\\laravel\\lumen-framework\\src\\Concerns\\RegistersExceptionHandlers.php(137): Laravel\\Lumen\\Application->fatalErrorFromPhpError(error: '['type' => 1, '...', traceOffset: '0')
#2 C:\\wamp64\\www\\lumen-1\\vendor\\laravel\\lumen-framework\\src\\Concerns\\RegistersExceptionHandlers.php(55): Laravel\\Lumen\\Application->handleShutdown()
#3 C:\\wamp64\\www\\lumen-1\\vendor\\laravel\\lumen-framework\\src\\Concerns\\RegistersExceptionHandlers.php(0): Laravel\\Lumen\\Application->Laravel\\Lumen\\Concerns\\{closure:C:\\wamp64\\www\\lumen-1\\vendor\\laravel\\lumen-framework\\src\\Concerns\\RegistersExceptionHandlers.php:54-56}()
#4 {main}
"} 
