[2025-03-28 15:36:57] local.ERROR: Class "App\Http\Controllers\Book" not found {"exception":"[object] (Error(code: 0): Class \"App\\Http\\Controllers\\Book\" not found at C:\\wamp64\\www\\lumen-1\\app\\Http\\Controllers\\AuthorController.php:25)
[stacktrace]
#0 C:\\wamp64\\www\\lumen-1\\vendor\\illuminate\\container\\BoundMethod.php(36): App\\Http\\Controllers\\AuthorController->getAll()
#1 C:\\wamp64\\www\\lumen-1\\vendor\\illuminate\\container\\Util.php(41): Illuminate\\Container\\BoundMethod::Illuminate\\Container\\{closure}()
#2 C:\\wamp64\\www\\lumen-1\\vendor\\illuminate\\container\\BoundMethod.php(93): Illuminate\\Container\\Util::unwrapIfClosure(Object(Closure))
#3 C:\\wamp64\\www\\lumen-1\\vendor\\illuminate\\container\\BoundMethod.php(35): Illuminate\\Container\\BoundMethod::callBoundMethod(Object(Laravel\\Lumen\\Application), Array, Object(Closure))
#4 C:\\wamp64\\www\\lumen-1\\vendor\\illuminate\\container\\Container.php(662): Illuminate\\Container\\BoundMethod::call(Object(Laravel\\Lumen\\Application), Array, Array, NULL)
#5 C:\\wamp64\\www\\lumen-1\\vendor\\laravel\\lumen-framework\\src\\Concerns\\RoutesRequests.php(391): Illuminate\\Container\\Container->call(Array, Array)
#6 C:\\wamp64\\www\\lumen-1\\vendor\\laravel\\lumen-framework\\src\\Concerns\\RoutesRequests.php(356): Laravel\\Lumen\\Application->callControllerCallable(Array, Array)
#7 C:\\wamp64\\www\\lumen-1\\vendor\\laravel\\lumen-framework\\src\\Concerns\\RoutesRequests.php(331): Laravel\\Lumen\\Application->callLumenController(Object(App\\Http\\Controllers\\AuthorController), 'getAll', Array)
#8 C:\\wamp64\\www\\lumen-1\\vendor\\laravel\\lumen-framework\\src\\Concerns\\RoutesRequests.php(284): Laravel\\Lumen\\Application->callControllerAction(Array)
#9 C:\\wamp64\\www\\lumen-1\\vendor\\laravel\\lumen-framework\\src\\Concerns\\RoutesRequests.php(269): Laravel\\Lumen\\Application->callActionOnArrayBasedRoute(Array)
#10 C:\\wamp64\\www\\lumen-1\\vendor\\laravel\\lumen-framework\\src\\Concerns\\RoutesRequests.php(171): Laravel\\Lumen\\Application->handleFoundRoute(Array)
#11 C:\\wamp64\\www\\lumen-1\\vendor\\laravel\\lumen-framework\\src\\Concerns\\RoutesRequests.php(431): Laravel\\Lumen\\Application->Laravel\\Lumen\\Concerns\\{closure}(Object(Laravel\\Lumen\\Http\\Request))
#12 C:\\wamp64\\www\\lumen-1\\vendor\\laravel\\lumen-framework\\src\\Concerns\\RoutesRequests.php(167): Laravel\\Lumen\\Application->sendThroughPipeline(Array, Object(Closure))
#13 C:\\wamp64\\www\\lumen-1\\vendor\\laravel\\lumen-framework\\src\\Concerns\\RoutesRequests.php(112): Laravel\\Lumen\\Application->dispatch(NULL)
#14 C:\\wamp64\\www\\lumen-1\\public\\index.php(28): Laravel\\Lumen\\Application->run()
#15 {main}
"} 
[2025-03-28 16:15:21] local.ERROR: Undefined variable $books {"exception":"[object] (ErrorException(code: 0): Undefined variable $books at C:\\wamp64\\www\\lumen-1\\app\\Http\\Controllers\\AuthorController.php:29)
[stacktrace]
#0 C:\\wamp64\\www\\lumen-1\\vendor\\laravel\\lumen-framework\\src\\Concerns\\RegistersExceptionHandlers.php(47): Laravel\\Lumen\\Application->handleError(2, 'Undefined varia...', 'C:\\\\wamp64\\\\www\\\\l...', 29)
#1 C:\\wamp64\\www\\lumen-1\\app\\Http\\Controllers\\AuthorController.php(29): Laravel\\Lumen\\Application->Laravel\\Lumen\\Concerns\\{closure}(2, 'Undefined varia...', 'C:\\\\wamp64\\\\www\\\\l...', 29)
#2 C:\\wamp64\\www\\lumen-1\\vendor\\illuminate\\container\\BoundMethod.php(36): App\\Http\\Controllers\\AuthorController->getAll()
#3 C:\\wamp64\\www\\lumen-1\\vendor\\illuminate\\container\\Util.php(41): Illuminate\\Container\\BoundMethod::Illuminate\\Container\\{closure}()
#4 C:\\wamp64\\www\\lumen-1\\vendor\\illuminate\\container\\BoundMethod.php(93): Illuminate\\Container\\Util::unwrapIfClosure(Object(Closure))
#5 C:\\wamp64\\www\\lumen-1\\vendor\\illuminate\\container\\BoundMethod.php(35): Illuminate\\Container\\BoundMethod::callBoundMethod(Object(Laravel\\Lumen\\Application), Array, Object(Closure))
#6 C:\\wamp64\\www\\lumen-1\\vendor\\illuminate\\container\\Container.php(662): Illuminate\\Container\\BoundMethod::call(Object(Laravel\\Lumen\\Application), Array, Array, NULL)
#7 C:\\wamp64\\www\\lumen-1\\vendor\\laravel\\lumen-framework\\src\\Concerns\\RoutesRequests.php(391): Illuminate\\Container\\Container->call(Array, Array)
#8 C:\\wamp64\\www\\lumen-1\\vendor\\laravel\\lumen-framework\\src\\Concerns\\RoutesRequests.php(356): Laravel\\Lumen\\Application->callControllerCallable(Array, Array)
#9 C:\\wamp64\\www\\lumen-1\\vendor\\laravel\\lumen-framework\\src\\Concerns\\RoutesRequests.php(331): Laravel\\Lumen\\Application->callLumenController(Object(App\\Http\\Controllers\\AuthorController), 'getAll', Array)
#10 C:\\wamp64\\www\\lumen-1\\vendor\\laravel\\lumen-framework\\src\\Concerns\\RoutesRequests.php(284): Laravel\\Lumen\\Application->callControllerAction(Array)
#11 C:\\wamp64\\www\\lumen-1\\vendor\\laravel\\lumen-framework\\src\\Concerns\\RoutesRequests.php(269): Laravel\\Lumen\\Application->callActionOnArrayBasedRoute(Array)
#12 C:\\wamp64\\www\\lumen-1\\vendor\\laravel\\lumen-framework\\src\\Concerns\\RoutesRequests.php(171): Laravel\\Lumen\\Application->handleFoundRoute(Array)
#13 C:\\wamp64\\www\\lumen-1\\vendor\\laravel\\lumen-framework\\src\\Concerns\\RoutesRequests.php(431): Laravel\\Lumen\\Application->Laravel\\Lumen\\Concerns\\{closure}(Object(Laravel\\Lumen\\Http\\Request))
#14 C:\\wamp64\\www\\lumen-1\\vendor\\laravel\\lumen-framework\\src\\Concerns\\RoutesRequests.php(167): Laravel\\Lumen\\Application->sendThroughPipeline(Array, Object(Closure))
#15 C:\\wamp64\\www\\lumen-1\\vendor\\laravel\\lumen-framework\\src\\Concerns\\RoutesRequests.php(112): Laravel\\Lumen\\Application->dispatch(NULL)
#16 C:\\wamp64\\www\\lumen-1\\public\\index.php(28): Laravel\\Lumen\\Application->run()
#17 {main}
"} 
